[debug] [2018-03-07T14:05:33.304Z] ----------------------------------------------------------------------
[debug] [2018-03-07T14:05:33.319Z] Command:       C:\Program Files\nodejs\node.exe C:\Users\User\AppData\Roaming\npm\node_modules\firebase-tools\bin\firebase init
[debug] [2018-03-07T14:05:33.319Z] CLI Version:   3.17.4
[debug] [2018-03-07T14:05:33.319Z] Platform:      win32
[debug] [2018-03-07T14:05:33.319Z] Node Version:  v8.9.4
[debug] [2018-03-07T14:05:33.319Z] Time:          Wed Mar 07 2018 22:05:33 GMT+0800 (China Standard Time)
[debug] [2018-03-07T14:05:33.319Z] ----------------------------------------------------------------------
[debug] 
[debug] [2018-03-07T14:05:33.413Z] > command requires scopes: ["email","openid","https://www.googleapis.com/auth/cloudplatformprojects.readonly","https://www.googleapis.com/auth/firebase"]
[debug] [2018-03-07T14:05:33.413Z] > authorizing via signed-in user
[info] 
     ######## #### ########  ######## ########     ###     ######  ########
     ##        ##  ##     ## ##       ##     ##  ##   ##  ##       ##
     ######    ##  ########  ######   ########  #########  ######  ######
     ##        ##  ##    ##  ##       ##     ## ##     ##       ## ##
     ##       #### ##     ## ######## ########  ##     ##  ######  ########

You're about to initialize a Firebase project in this directory:

  C:\Users\User\Desktop\Angular Projects\Angular-Social

Before we get started, keep in mind:

  * You are initializing in an existing Firebase project directory

